[2025/06/27 08:19:05]: §9          __             _       
[2025/06/27 08:19:05]: §9  _ __   / /  ___   __ _(_)_ __  
[2025/06/27 08:19:05]: §9 | '_ \ / /  / _ \ / _` | | '_ \ 
[2025/06/27 08:19:05]: §9 | | | / /__| (_) | (_| | | | | |
[2025/06/27 08:19:05]: §9 |_| |_\____/\___/ \__, |_|_| |_|
[2025/06/27 08:19:05]: §9                  |___/            
[2025/06/27 08:19:05]: §9 By: www.nickuc.com - V 10.4.23 DEVELOPMENT
[2025/06/27 08:19:05]: §9 
[2025/06/27 08:19:05]: §3[nLogin] [DEBUG] All settings were loaded in 107 ms.
[2025/06/27 08:19:05]: §3[nLogin] [DEBUG] Loading the messages_es.yml message file...
[2025/06/27 08:19:05]: §3[nLogin] [DEBUG] All plugin messages were loaded in 45 ms (languageByClient=false).
[2025/06/27 08:19:05]: §3[nLogin] [DEBUG] All proxy settings were loaded in 2 ms.
[2025/06/27 08:19:05]: §3[nLogin] [DEBUG] Loading database...
[2025/06/27 08:19:06]: §3[nLogin] [DEBUG] Starting logger filter...
[2025/06/27 08:19:53]: §3[nLogin] [DEBUG] Quiely ignoring the ProtocolLib exception (The method getUniqueId is not supported for temporary players.)
[2025/06/27 08:19:54]: 
[2025/06/27 08:19:54]:  §bThank you so much for choosing nLogin! §4<3
[2025/06/27 08:19:54]: 
[2025/06/27 08:19:54]:  §4For your safety, please read the message below:
[2025/06/27 08:19:54]:   §cNever download nLogin from unknown sources.
[2025/06/27 08:19:54]:   §cA modified version may contain malicious software.
[2025/06/27 08:19:54]: 
[2025/06/27 08:19:54]:  §3Trusted sources:
[2025/06/27 08:19:54]:   §bwww.nickuc.com
[2025/06/27 08:19:54]:   §bwww.github.com/nickuc
[2025/06/27 08:19:54]:   §bOpeNLogin installer (from Spigot or GitHub)
[2025/06/27 08:19:54]: 
[2025/06/27 08:19:54]:  §3Official support channels:
[2025/06/27 08:19:54]:   §bDiscord group: §fwww.nickuc.com/discord
[2025/06/27 08:19:54]:   §bDocumentation: §fdocs.nickuc.com/nlogin/
[2025/06/27 08:19:54]:   §bEmail: §fsupport@nickuc.com
[2025/06/27 08:19:54]:   §bYouTube: §fyoutube.com/nickuc
[2025/06/27 08:19:54]: 
[2025/06/27 08:19:54]:  §eTo remove this warning, log in with "nlogin.admin" permission on the server
[2025/06/27 08:19:54]:  §eand click the "Setup plugin" button to configure your plugin.
[2025/06/27 08:19:54]: 
[2025/06/27 08:20:43]: §3[nLogin] [DEBUG] [SQLite] [UPDATE]: "INSERT INTO `nlogin` (`last_name`, `unique_id`, `mojang_id`, `bedrock_id`, `password`, `last_ip`, `creation_date`, `last_seen`, `email`, `discord`, `settings`) VALUES ('Dilan_Rios', e397477ff08a355188d6e459db6d679e, null, null, '$2a$10$vpNvahE0jh/6VogS64JEi.OgvX9s.i9QPLgLjCV.Yrg00coN/Fnk.', '127.28.12.45', '2025-06-27 08:20:43.748', '2025-06-27 08:20:43.748', null, null, '{"settings":[{"value":true,"key":"force-invalid-session"}],"version":0}')" (applied to all columns)
[2025/06/27 08:20:43]: [nLogin] The user Dilan_Rios has successfully registered.
[2025/06/27 08:27:29]: [nLogin] Successful plugin core shutdown (took 0.00s)
