[2025/06/29 08:20:08]: §9          __             _       
[2025/06/29 08:20:08]: §9  _ __   / /  ___   __ _(_)_ __  
[2025/06/29 08:20:08]: §9 | '_ \ / /  / _ \ / _` | | '_ \ 
[2025/06/29 08:20:08]: §9 | | | / /__| (_) | (_| | | | | |
[2025/06/29 08:20:08]: §9 |_| |_\____/\___/ \__, |_|_| |_|
[2025/06/29 08:20:08]: §9                  |___/            
[2025/06/29 08:20:08]: §9 By: www.nickuc.com - V 10.4.23 DEVELOPMENT
[2025/06/29 08:20:08]: §9 
[2025/06/29 08:20:08]: §3[nLogin] [DEBUG] All settings were loaded in 115 ms.
[2025/06/29 08:20:08]: §3[nLogin] [DEBUG] Loading the messages_es.yml message file...
[2025/06/29 08:20:08]: §3[nLogin] [DEBUG] All plugin messages were loaded in 50 ms (languageByClient=false).
[2025/06/29 08:20:08]: §3[nLogin] [DEBUG] All proxy settings were loaded in 2 ms.
[2025/06/29 08:20:09]: §3[nLogin] [DEBUG] Loading database...
[2025/06/29 08:20:09]: §3[nLogin] [DEBUG] Starting logger filter...
[2025/06/29 08:22:11]: §3[nLogin] [DEBUG] [SQLite] [UPDATE]: "UPDATE `nlogin` SET `last_name` = 'Dilan_Rios', `unique_id` = e397477ff08a355188d6e459db6d679e,  `mojang_id` = null,  `bedrock_id` = null,  `password` = '$2a$10$vpNvahE0jh/6VogS64JEi.OgvX9s.i9QPLgLjCV.Yrg00coN/Fnk.', `last_ip` = '127.28.12.45', `creation_date` = 2025-06-27 08:20:43.748, `last_seen` = 2025-06-29 08:22:11.221, `email` = null, `discord` = null, `settings` = null WHERE `ai` = 2" (applied to [last_ip, last_seen, settings] columns)
[2025/06/29 08:22:11]: [nLogin] The user Dilan_Rios has successfully logged in.
[2025/06/29 08:26:30]: §3[nLogin] [DEBUG] [SQLite] [UPDATE]: "UPDATE `nlogin` SET `last_name` = 'Dilan_Rios', `unique_id` = e397477ff08a355188d6e459db6d679e,  `mojang_id` = null,  `bedrock_id` = null,  `password` = '$2a$10$vpNvahE0jh/6VogS64JEi.OgvX9s.i9QPLgLjCV.Yrg00coN/Fnk.', `last_ip` = '127.28.12.45', `creation_date` = 2025-06-27 08:20:43.748, `last_seen` = 2025-06-29 08:26:30.375, `email` = null, `discord` = null, `settings` = '{"settings":[{"value":"es","key":"language"}],"version":0}' WHERE `ai` = 2" (applied to [last_seen, settings] columns)
[2025/06/29 08:26:37]: §3[nLogin] [DEBUG] [SQLite] [UNREGISTER]: Removing the Dilan_Rios's account...
[2025/06/29 08:26:37]: §3[nLogin] [DEBUG] [SQLite] [UPDATE]: "UPDATE `nlogin` SET `last_name` = 'Dilan_Rios', `unique_id` = e397477ff08a355188d6e459db6d679e,  `mojang_id` = null,  `bedrock_id` = null,  `password` = null, `last_ip` = null, `creation_date` = 1970-01-01 00:00:00.0, `last_seen` = 1970-01-01 00:00:00.0, `email` = null, `discord` = null, `settings` = null WHERE `ai` = 2" (applied to all columns)
[2025/06/29 08:26:37]: §3[nLogin] [DEBUG] The Dilan_Rios player had his account unregistered by CONSOLE.
[2025/06/29 08:27:53]: §3[nLogin] [DEBUG] All settings were loaded in 6 ms.
[2025/06/29 08:27:53]: §3[nLogin] [DEBUG] Loading the messages_es.yml message file...
[2025/06/29 08:27:53]: §3[nLogin] [DEBUG] All plugin messages were loaded in 5 ms (languageByClient=false).
[2025/06/29 08:27:53]: §3[nLogin] [DEBUG] All proxy settings were loaded in 0 ms.
[2025/06/29 08:28:31]: §3[nLogin] [DEBUG] [SQLite] [UPDATE]: "UPDATE `nlogin` SET `last_name` = 'Dilan_Rios', `unique_id` = e397477ff08a355188d6e459db6d679e,  `mojang_id` = null,  `bedrock_id` = null,  `password` = '$2a$10$P9gHmcPH2YyNq9X8CaJT4ub4HcHOB0fNHTblxLueZ22nt.VU6C1fi', `last_ip` = '127.28.12.45', `creation_date` = 2025-06-29 08:28:31.49, `last_seen` = 2025-06-29 08:28:31.49, `email` = null, `discord` = null, `settings` = '{"settings":[{"value":true,"key":"force-invalid-session"}],"version":0}' WHERE `ai` = 2" (applied to all columns)
[2025/06/29 08:28:31]: [nLogin] The user Dilan_Rios has successfully registered.
[2025/06/29 09:32:09]: §3[nLogin] [DEBUG] [SQLite] [UPDATE]: "UPDATE `nlogin` SET `last_name` = 'Dilan_Rios', `unique_id` = e397477ff08a355188d6e459db6d679e,  `mojang_id` = null,  `bedrock_id` = null,  `password` = '$2a$10$P9gHmcPH2YyNq9X8CaJT4ub4HcHOB0fNHTblxLueZ22nt.VU6C1fi', `last_ip` = '127.28.12.45', `creation_date` = 2025-06-29 08:28:31.49, `last_seen` = 2025-06-29 09:32:09.269, `email` = null, `discord` = null, `settings` = '{"settings":[{"value":true,"key":"force-invalid-session"},{"value":"es","key":"language"}],"version":0}' WHERE `ai` = 2" (applied to [last_seen, settings] columns)
[2025/06/29 09:33:53]: §3[nLogin] [DEBUG] [SQLite] [UPDATE]: "UPDATE `nlogin` SET `last_name` = 'Dilan_Rios', `unique_id` = e397477ff08a355188d6e459db6d679e,  `mojang_id` = null,  `bedrock_id` = null,  `password` = '$2a$10$P9gHmcPH2YyNq9X8CaJT4ub4HcHOB0fNHTblxLueZ22nt.VU6C1fi', `last_ip` = '127.28.12.45', `creation_date` = 2025-06-29 08:28:31.49, `last_seen` = 2025-06-29 09:33:53.267, `email` = null, `discord` = null, `settings` = '{"settings":[{"value":"es","key":"language"}],"version":0}' WHERE `ai` = 2" (applied to [last_ip, last_seen, settings] columns)
[2025/06/29 09:33:53]: [nLogin] The user Dilan_Rios has successfully logged in.
