[2025/06/27 06:18:59]: §9          __             _       
[2025/06/27 06:18:59]: §9  _ __   / /  ___   __ _(_)_ __  
[2025/06/27 06:18:59]: §9 | '_ \ / /  / _ \ / _` | | '_ \ 
[2025/06/27 06:18:59]: §9 | | | / /__| (_) | (_| | | | | |
[2025/06/27 06:18:59]: §9 |_| |_\____/\___/ \__, |_|_| |_|
[2025/06/27 06:18:59]: §9                  |___/            
[2025/06/27 06:18:59]: §9 By: www.nickuc.com - V 10.4.23 DEVELOPMENT
[2025/06/27 06:18:59]: §9 
[2025/06/27 06:18:59]: §3[nLogin] [DEBUG] The config.yml file was created successfully.
[2025/06/27 06:19:02]: §3[nLogin] [DEBUG] All settings were loaded in 2304 ms.
[2025/06/27 06:19:02]: §3[nLogin] [DEBUG] Loading the messages_es.yml message file...
[2025/06/27 06:19:02]: §3[nLogin] [DEBUG] All plugin messages were loaded in 54 ms (languageByClient=false).
[2025/06/27 06:19:02]: §3[nLogin] [DEBUG] All proxy settings were loaded in 4 ms.
[2025/06/27 06:19:02]: §3[nLogin] [DEBUG] Loading database...
[2025/06/27 06:19:02]: [nLogin] Generating RSA keypair... (this may take a while)
[2025/06/27 06:19:04]: [nLogin] The RSA key pair was successfully generated. Took 2.43s
[2025/06/27 06:19:05]: §3[nLogin] [DEBUG] Starting logger filter...
[2025/06/27 06:19:55]: 
[2025/06/27 06:19:55]:  §bThank you so much for choosing nLogin! §4<3
[2025/06/27 06:19:55]: 
[2025/06/27 06:19:55]:  §4For your safety, please read the message below:
[2025/06/27 06:19:55]:   §cNever download nLogin from unknown sources.
[2025/06/27 06:19:55]:   §cA modified version may contain malicious software.
[2025/06/27 06:19:55]: 
[2025/06/27 06:19:55]:  §3Trusted sources:
[2025/06/27 06:19:55]:   §bwww.nickuc.com
[2025/06/27 06:19:55]:   §bwww.github.com/nickuc
[2025/06/27 06:19:55]:   §bOpeNLogin installer (from Spigot or GitHub)
[2025/06/27 06:19:55]: 
[2025/06/27 06:19:55]:  §3Official support channels:
[2025/06/27 06:19:55]:   §bDiscord group: §fwww.nickuc.com/discord
[2025/06/27 06:19:55]:   §bDocumentation: §fdocs.nickuc.com/nlogin/
[2025/06/27 06:19:55]:   §bEmail: §fsupport@nickuc.com
[2025/06/27 06:19:55]:   §bYouTube: §fyoutube.com/nickuc
[2025/06/27 06:19:55]: 
[2025/06/27 06:19:55]:  §eTo remove this warning, log in with "nlogin.admin" permission on the server
[2025/06/27 06:19:55]:  §eand click the "Setup plugin" button to configure your plugin.
[2025/06/27 06:19:55]: 
[2025/06/27 06:22:17]: §3[nLogin] [DEBUG] [SQLite] [UPDATE]: "INSERT INTO `nlogin` (`last_name`, `unique_id`, `mojang_id`, `bedrock_id`, `password`, `last_ip`, `creation_date`, `last_seen`, `email`, `discord`, `settings`) VALUES ('xRDilan', 81a7416d2bdb35fab80f806600ad27ee, null, null, '$2a$10$t98Sn/CW/kaBbewLMEZtxOMO2SZKHK1l/gSyzSxW8Ul2UE8FCjqd.', '127.28.12.45', '2025-06-27 06:22:16.875', '2025-06-27 06:22:16.875', null, null, '{"settings":[{"value":true,"key":"force-invalid-session"}],"version":0}')" (applied to all columns)
[2025/06/27 06:22:17]: [nLogin] The user xRDilan has successfully registered.
[2025/06/27 06:23:44]: [nLogin] Successful plugin core shutdown (took 0.00s)
