[22/06/2025 07:51:28] Dilan_Rios won Iron Shovel (ID: iron_shovel, Weight: 25.0) from Vote Crate (ID: vote)
[22/06/2025 07:59:34] Dilan_Rios won Netherite Axe (ID: netherite_axe, Weight: 25.0) from Insane Crate (ID: insane)
[22/06/2025 07:59:36] Dilan_Rios won Netherite Pickaxe (ID: netherite_pickaxe, Weight: 25.0) from Insane Crate (ID: insane)
[22/06/2025 07:59:37] Dilan_Rios won ❤ Extra heart. (ID: _extra_heart, Weight: 25.0) from Insane Crate (ID: insane)
[22/06/2025 08:00:02] Dilan_Rios won Netherite Chestplate (ID: netherite_chestplate, Weight: 25.0) from Insane Crate (ID: insane)
[22/06/2025 08:00:03] Dilan_Rios won Netherite Chestplate (ID: netherite_chestplate, Weight: 25.0) from Insane Crate (ID: insane)
[22/06/2025 08:00:04] Dilan_Rios won Totem of Undying (ID: totem_of_undying, Weight: 25.0) from Insane Crate (ID: insane)
[22/06/2025 08:00:05] Dilan_Rios won Totem of Undying (ID: totem_of_undying, Weight: 25.0) from Insane Crate (ID: insane)
[22/06/2025 08:00:05] Dilan_Rios won Netherite Boots (ID: netherite_boots, Weight: 25.0) from Insane Crate (ID: insane)
[22/06/2025 08:00:05] Dilan_Rios won Revive Beacon. (ID: revive_beacon, Weight: 25.0) from Insane Crate (ID: insane)
[22/06/2025 08:00:05] Dilan_Rios won Revive Beacon. (ID: revive_beacon, Weight: 25.0) from Insane Crate (ID: insane)
[22/06/2025 08:00:05] Dilan_Rios won Enchanted Book (ID: enchanted_book1, Weight: 25.0) from Insane Crate (ID: insane)
[22/06/2025 08:00:06] Dilan_Rios won Netherite Hoe (ID: netherite_hoe, Weight: 25.0) from Insane Crate (ID: insane)
[22/06/2025 08:00:17] Dilan_Rios won Trident (ID: trident, Weight: 25.0) from Wild Crate (ID: wild)
[22/06/2025 08:00:18] Dilan_Rios won Spectral Arrow (ID: spectral_arrow, Weight: 25.0) from Wild Crate (ID: wild)
[22/06/2025 08:00:18] Dilan_Rios won Diamond Sword (ID: diamond_sword, Weight: 25.0) from Wild Crate (ID: wild)
[22/06/2025 08:00:18] Dilan_Rios won Diamond Pickaxe (ID: diamond_pickaxe, Weight: 25.0) from Wild Crate (ID: wild)
[22/06/2025 08:00:18] Dilan_Rios won Diamond Helmet (ID: diamond_helmet, Weight: 25.0) from Wild Crate (ID: wild)
[22/06/2025 08:00:18] Dilan_Rios won Diamond Shovel (ID: diamond_shovel, Weight: 25.0) from Wild Crate (ID: wild)
[22/06/2025 08:00:19] Dilan_Rios won Diamond Chestplate (ID: diamond_chestplate, Weight: 25.0) from Wild Crate (ID: wild)
[22/06/2025 08:00:19] Dilan_Rios won Trident (ID: trident, Weight: 25.0) from Wild Crate (ID: wild)
[22/06/2025 08:00:19] Dilan_Rios won Bow (ID: bow, Weight: 25.0) from Wild Crate (ID: wild)
[22/06/2025 08:00:19] Dilan_Rios won Diamond Shovel (ID: diamond_shovel, Weight: 25.0) from Wild Crate (ID: wild)
[22/06/2025 08:00:19] Dilan_Rios won Diamond Boots (ID: diamond_boots, Weight: 25.0) from Wild Crate (ID: wild)
[22/06/2025 08:00:20] Dilan_Rios won Diamond Axe (ID: diamond_axe, Weight: 25.0) from Wild Crate (ID: wild)
[22/06/2025 08:00:22] Dilan_Rios won Trident (ID: trident, Weight: 25.0) from Wild Crate (ID: wild)
[22/06/2025 08:00:32] Dilan_Rios won Chainmail Helmet (ID: chainmail_helmet, Weight: 25.0) from Vote Crate (ID: vote)
[22/06/2025 08:00:34] Dilan_Rios won Revive Beacon. (ID: revive_beacon, Weight: 25.0) from Vote Crate (ID: vote)
[22/06/2025 08:00:35] Dilan_Rios won Music Disc (ID: music_disc1, Weight: 25.0) from Vote Crate (ID: vote)
[22/06/2025 08:00:35] Dilan_Rios won Brush (ID: brush, Weight: 25.0) from Vote Crate (ID: vote)
[22/06/2025 08:00:35] Dilan_Rios won Chainmail Helmet (ID: chainmail_helmet, Weight: 25.0) from Vote Crate (ID: vote)
[22/06/2025 08:00:35] Dilan_Rios won Music Disc (ID: music_disc1, Weight: 25.0) from Vote Crate (ID: vote)
[22/06/2025 08:00:36] Dilan_Rios won Chainmail Helmet (ID: chainmail_helmet, Weight: 25.0) from Vote Crate (ID: vote)
[22/06/2025 08:00:36] Dilan_Rios won Iron Axe (ID: iron_axe, Weight: 25.0) from Vote Crate (ID: vote)
[22/06/2025 08:00:36] Dilan_Rios won Iron Shovel (ID: iron_shovel, Weight: 25.0) from Vote Crate (ID: vote)
[22/06/2025 08:00:36] Dilan_Rios won Music Disc (ID: music_disc, Weight: 25.0) from Vote Crate (ID: vote)
[22/06/2025 08:00:36] Dilan_Rios won Brush (ID: brush, Weight: 25.0) from Vote Crate (ID: vote)
[22/06/2025 08:11:51] Dilan_Rios won Netherite Helmet (ID: netherite_helmet, Weight: 25.0) from Insane Crate (ID: insane)
[22/06/2025 08:11:59] Dilan_Rios won Netherite Chestplate (ID: netherite_chestplate, Weight: 25.0) from Insane Crate (ID: insane)
[22/06/2025 08:11:59] Dilan_Rios won Netherite Pickaxe (ID: netherite_pickaxe, Weight: 25.0) from Insane Crate (ID: insane)
[22/06/2025 08:11:59] Dilan_Rios won Enchanted Book (ID: enchanted_book2, Weight: 25.0) from Insane Crate (ID: insane)
[22/06/2025 08:11:59] Dilan_Rios won Netherite Boots (ID: netherite_boots, Weight: 25.0) from Insane Crate (ID: insane)
[22/06/2025 08:12:01] Dilan_Rios won Enchanted Book (ID: enchanted_book2, Weight: 25.0) from Insane Crate (ID: insane)
[22/06/2025 08:12:01] Dilan_Rios won Netherite Helmet (ID: netherite_helmet, Weight: 25.0) from Insane Crate (ID: insane)
[22/06/2025 08:12:07] Dilan_Rios won Revive Beacon. (ID: revive_beacon, Weight: 25.0) from Insane Crate (ID: insane)
[22/06/2025 08:12:07] Dilan_Rios won Enchanted Book (ID: enchanted_book7, Weight: 25.0) from Insane Crate (ID: insane)
[22/06/2025 08:12:08] Dilan_Rios won Enchanted Book (ID: enchanted_book4, Weight: 25.0) from Insane Crate (ID: insane)
[22/06/2025 08:12:08] Dilan_Rios won Netherite Axe (ID: netherite_axe, Weight: 25.0) from Insane Crate (ID: insane)
[22/06/2025 08:12:08] Dilan_Rios won Enchanted Book (ID: enchanted_book, Weight: 25.0) from Insane Crate (ID: insane)
[22/06/2025 08:12:09] Dilan_Rios won Revive Beacon. (ID: revive_beacon, Weight: 25.0) from Insane Crate (ID: insane)
[22/06/2025 08:12:09] Dilan_Rios won Golden Carrot (ID: golden_carrot, Weight: 25.0) from Insane Crate (ID: insane)
[22/06/2025 08:12:09] Dilan_Rios won Netherite Pickaxe (ID: netherite_pickaxe, Weight: 25.0) from Insane Crate (ID: insane)
[22/06/2025 08:12:09] Dilan_Rios won Netherite Boots (ID: netherite_boots, Weight: 25.0) from Insane Crate (ID: insane)
[22/06/2025 08:12:09] Dilan_Rios won ❤ Extra heart. (ID: _extra_heart, Weight: 25.0) from Insane Crate (ID: insane)
[22/06/2025 08:12:10] Dilan_Rios won Netherite Axe (ID: netherite_axe, Weight: 25.0) from Insane Crate (ID: insane)
[22/06/2025 08:12:10] Dilan_Rios won Revive Beacon. (ID: revive_beacon, Weight: 25.0) from Insane Crate (ID: insane)
[22/06/2025 08:12:11] Dilan_Rios won ❤ Extra heart. (ID: _extra_heart, Weight: 25.0) from Insane Crate (ID: insane)
[22/06/2025 08:12:11] Dilan_Rios won Enchanted Golden Apple (ID: enchanted_golden_apple, Weight: 25.0) from Insane Crate (ID: insane)
[22/06/2025 08:12:12] Dilan_Rios won Enchanted Book (ID: enchanted_book2, Weight: 25.0) from Insane Crate (ID: insane)
[22/06/2025 08:12:12] Dilan_Rios won Enchanted Book (ID: enchanted_book7, Weight: 25.0) from Insane Crate (ID: insane)
[22/06/2025 08:12:13] Dilan_Rios won Netherite Chestplate (ID: netherite_chestplate, Weight: 25.0) from Insane Crate (ID: insane)
[22/06/2025 19:21:29] Dilan_Rios won Music Disc (ID: music_disc1, Weight: 25.0) from Vote Crate (ID: vote)
[22/06/2025 19:21:37] Dilan_Rios won Chainmail Chestplate (ID: chainmail_chestplate, Weight: 25.0) from Vote Crate (ID: vote)
[22/06/2025 19:21:38] Dilan_Rios won Music Disc (ID: music_disc, Weight: 25.0) from Vote Crate (ID: vote)
[22/06/2025 19:21:39] Dilan_Rios won Chainmail Chestplate (ID: chainmail_chestplate, Weight: 25.0) from Vote Crate (ID: vote)
[22/06/2025 19:21:42] Dilan_Rios won Diamond Pickaxe (ID: diamond_pickaxe, Weight: 25.0) from Vote Crate (ID: vote)
