[07:08:17] [ServerMain/INFO]: [bootstrap] Running Java 21 (OpenJDK 64-Bit Server VM 21.0.7+6-Ubuntu-0ubuntu124.04; Ubuntu null) on Linux 6.8.0-1027-azure (amd64)
[07:08:17] [ServerMain/INFO]: [bootstrap] Loading Paper 1.21.1-57-master@b483da4 (2024-09-01T18:09:05Z) for Minecraft 1.21.1
[07:08:17] [ServerMain/INFO]: [PluginInitializerManager] Initializing plugins...
[07:08:17] [ServerMain/INFO]: [PluginInitializerManager] Initialized 0 plugins
[07:08:18] [Paper Plugin Remapper Thread - 1/INFO]: [ReobfServer] Remapping server...
[07:08:24] [ServerMain/INFO]: Environment: Environment[sessionHost=https://sessionserver.mojang.com, servicesHost=https://api.minecraftservices.com, name=PROD]
[07:08:24] [ServerMain/INFO]: Found new data pack file/bukkit, loading it automatically
[07:08:24] [ServerMain/INFO]: Found new data pack paper, loading it automatically
[07:08:25] [ServerMain/INFO]: No existing world data, creating new world
[07:08:26] [Paper Plugin Remapper Thread - 1/INFO]: [ReobfServer] Done remapping server in 8122ms.
[07:08:26] [ServerMain/INFO]: Loaded 1290 recipes
[07:08:27] [ServerMain/INFO]: Loaded 1399 advancements
[07:08:27] [Server thread/INFO]: Starting minecraft server version 1.21.1
[07:08:27] [Server thread/INFO]: Loading properties
[07:08:27] [Server thread/INFO]: This server is running Paper version 1.21.1-57-master@b483da4 (2024-09-01T18:09:05Z) (Implementing API version 1.21.1-R0.1-SNAPSHOT)
[07:08:28] [Server thread/INFO]: [spark] This server bundles the spark profiler. For more information please visit https://docs.papermc.io/paper/profiling
[07:08:28] [Server thread/INFO]: Server Ping Player Sample Count: 12
[07:08:28] [Server thread/INFO]: Using 4 threads for Netty based IO
[07:08:28] [Server thread/INFO]: [ChunkTaskScheduler] Chunk system is using 1 I/O threads, 1 worker threads, and population gen parallelism of 1 threads
[07:08:29] [Server thread/INFO]: Default game type: SURVIVAL
[07:08:29] [Server thread/INFO]: Generating keypair
[07:08:29] [Server thread/INFO]: Starting Minecraft server on *:25565
[07:08:29] [Server thread/INFO]: Using epoll channel type
[07:08:29] [Server thread/INFO]: Paper: Using libdeflate (Linux x86_64) compression from Velocity.
[07:08:29] [Server thread/INFO]: Paper: Using OpenSSL 3.0.x (Linux x86_64) cipher from Velocity.
[07:08:29] [Server thread/WARN]: **** SERVER IS RUNNING IN OFFLINE/INSECURE MODE!
[07:08:29] [Server thread/WARN]: The server will make no attempt to authenticate usernames. Beware.
[07:08:29] [Server thread/WARN]: While this makes the game possible to play without internet access, it also opens up the ability for hackers to connect with any username they choose.
[07:08:29] [Server thread/WARN]: To change this, set "online-mode" to "true" in the server.properties file.
[07:08:29] [Server thread/INFO]: Preparing level "world"
[07:08:39] [Server thread/INFO]: Preparing start region for dimension minecraft:overworld
[07:08:47] [Server thread/INFO]: Time elapsed: 8439 ms
[07:08:47] [Server thread/INFO]: Preparing start region for dimension minecraft:the_nether
[07:08:49] [Server thread/INFO]: Time elapsed: 1558 ms
[07:08:49] [Server thread/INFO]: Preparing start region for dimension minecraft:the_end
[07:08:50] [Server thread/INFO]: Time elapsed: 598 ms
[07:08:50] [Server thread/INFO]: [spark] Starting background profiler...
[07:08:50] [Server thread/INFO]: Done preparing level "world" (20.851s)
[07:08:50] [Server thread/INFO]: Running delayed init tasks
[07:08:50] [Server thread/INFO]: Done (33.361s)! For help, type "help"
[07:08:50] [Server thread/INFO]: *************************************************************************************
[07:08:50] [Server thread/INFO]: This is the first time you're starting this server.
[07:08:50] [Server thread/INFO]: It's recommended you read our 'Getting Started' documentation for guidance.
[07:08:50] [Server thread/INFO]: View this and more helpful information here: https://docs.papermc.io/paper/next-steps
[07:08:50] [Server thread/INFO]: *************************************************************************************
[07:08:50] [Server thread/INFO]: Timings Reset
[07:08:50] [User Authenticator #0/INFO]: UUID of player Dilan_Rios is e397477f-f08a-3551-88d6-e459db6d679e
[07:08:50] [Server thread/INFO]: Unknown or incomplete command, see below for error
/home/codespace/.python/current/bin/python3 /workspaces/miniature-adventure/msx.py<--[HERE]
[07:08:54] [Server thread/INFO]: Connection closed during protocol change
[07:08:54] [Server thread/INFO]: Connection closed during protocol change
[07:08:54] [Server thread/INFO]: com.mojang.authlib.GameProfile@5025270e[id=e397477f-f08a-3551-88d6-e459db6d679e,name=Dilan_Rios,properties={}] lost connection: Disconnected
[07:10:00] [User Authenticator #1/INFO]: UUID of player Dilan_Rios is e397477f-f08a-3551-88d6-e459db6d679e
[07:10:06] [Server thread/INFO]: Dilan_Rios joined the game
[07:10:06] [Server thread/INFO]: Dilan_Rios[/127.28.12.45:41005] logged in with entity id 44 at ([world]1.5, 77.0, 5.5)
[07:11:16] [Server thread/INFO]: Dilan_Rios lost connection: Disconnected
[07:11:16] [Server thread/INFO]: Dilan_Rios left the game
[07:16:05] [Server thread/INFO]: Stopping server
[07:16:05] [Server thread/INFO]: Saving players
[07:16:05] [Server thread/INFO]: Saving worlds
[07:16:05] [Server thread/INFO]: Saving chunks for level 'ServerLevel[world]'/minecraft:overworld
[07:16:05] [Server thread/INFO]: [ChunkHolderManager] Waiting 60s for chunk system to halt for world 'world'
[07:16:05] [Server thread/INFO]: [ChunkHolderManager] Halted chunk system for world 'world'
[07:16:05] [Server thread/INFO]: [ChunkHolderManager] Saving all chunkholders for world 'world'
[07:16:05] [Server thread/INFO]: [ChunkHolderManager] Saved 279 block chunks, 109 entity chunks, 0 poi chunks in world 'world' in 0.43s
[07:16:05] [Server thread/INFO]: Saving chunks for level 'ServerLevel[world_nether]'/minecraft:the_nether
[07:16:05] [Server thread/INFO]: [ChunkHolderManager] Waiting 60s for chunk system to halt for world 'world_nether'
[07:16:05] [Server thread/INFO]: [ChunkHolderManager] Halted chunk system for world 'world_nether'
[07:16:05] [Server thread/INFO]: [ChunkHolderManager] Saving all chunkholders for world 'world_nether'
[07:16:05] [Server thread/INFO]: [ChunkHolderManager] Saved 793 block chunks, 1 entity chunks, 0 poi chunks in world 'world_nether' in 0.23s
[07:16:05] [Server thread/INFO]: Saving chunks for level 'ServerLevel[world_the_end]'/minecraft:the_end
[07:16:05] [Server thread/INFO]: [ChunkHolderManager] Waiting 60s for chunk system to halt for world 'world_the_end'
[07:16:05] [Server thread/INFO]: [ChunkHolderManager] Halted chunk system for world 'world_the_end'
[07:16:05] [Server thread/INFO]: [ChunkHolderManager] Saving all chunkholders for world 'world_the_end'
[07:16:06] [Server thread/INFO]: [ChunkHolderManager] Saved 792 block chunks, 10 entity chunks, 0 poi chunks in world 'world_the_end' in 0.23s
[07:16:06] [Server thread/INFO]: ThreadedAnvilChunkStorage (world): All chunks are saved
[07:16:06] [Server thread/INFO]: ThreadedAnvilChunkStorage (DIM-1): All chunks are saved
[07:16:06] [Server thread/INFO]: ThreadedAnvilChunkStorage (DIM1): All chunks are saved
[07:16:06] [Server thread/INFO]: ThreadedAnvilChunkStorage: All dimensions are saved
